2024-03-27 23:12:30,551 [Worker-3: Loading available Gradle versions] INFO  o.e.b.c.i.u.g.PublishedGradleVersions - Gradle version information cache is up-to-date. Trying to read.
2024-03-27 23:13:04,870 [Worker-3: Loading available Gradle versions] INFO  o.e.b.c.i.u.g.PublishedGradleVersions - Gradle version information cache is up-to-date. Trying to read.
2024-03-27 23:13:56,043 [Worker-1: Loading available Gradle versions] INFO  o.e.b.c.i.u.g.PublishedGradleVersions - Gradle version information cache is up-to-date. Trying to read.
2024-03-28 16:04:47,813 [Worker-2: Loading available Gradle versions] INFO  o.e.b.c.i.u.g.PublishedGradleVersions - Gradle version information cache is up-to-date. Trying to read.
2024-03-28 16:12:19,022 [Worker-1: Loading available Gradle versions] INFO  o.e.b.c.i.u.g.PublishedGradleVersions - Gradle version information cache is up-to-date. Trying to read.
2024-03-28 16:13:22,961 [Worker-1: Loading available Gradle versions] INFO  o.e.b.c.i.u.g.PublishedGradleVersions - Gradle version information cache is up-to-date. Trying to read.
2024-03-30 03:51:43,245 [Worker-0: Loading available Gradle versions] INFO  o.e.b.c.i.u.g.PublishedGradleVersions - Gradle version information cache is up-to-date. Trying to read.
2024-03-30 03:53:49,094 [Worker-1: Loading available Gradle versions] INFO  o.e.b.c.i.u.g.PublishedGradleVersions - Gradle version information cache is up-to-date. Trying to read.
2024-03-30 04:10:59,397 [Worker-4: Launching mavenrun-2e46b797-e7f7-44df-af05-41b17c97a5ef] INFO  o.eclipse.m2e.core.internal.Bundles - getClasspathEntries(Bundle=org.eclipse.m2e.maven.runtime_3.9.600.20231203-1234 [300])
2024-03-30 04:10:59,402 [Worker-4: Launching mavenrun-2e46b797-e7f7-44df-af05-41b17c97a5ef] INFO  o.eclipse.m2e.core.internal.Bundles - 	Entry: C:\eclipse\plugins\org.eclipse.m2e.maven.runtime_3.9.600.20231203-1234
2024-03-30 04:10:59,402 [Worker-4: Launching mavenrun-2e46b797-e7f7-44df-af05-41b17c97a5ef] INFO  o.eclipse.m2e.core.internal.Bundles - 	Entry: C:\eclipse\plugins\org.eclipse.m2e.maven.runtime_3.9.600.20231203-1234\jars\aopalliance-1.0.jar
2024-03-30 04:10:59,403 [Worker-4: Launching mavenrun-2e46b797-e7f7-44df-af05-41b17c97a5ef] INFO  o.eclipse.m2e.core.internal.Bundles - 	Entry: C:\eclipse\plugins\org.eclipse.m2e.maven.runtime_3.9.600.20231203-1234\jars\guice-5.1.0.jar
2024-03-30 04:10:59,403 [Worker-4: Launching mavenrun-2e46b797-e7f7-44df-af05-41b17c97a5ef] INFO  o.eclipse.m2e.core.internal.Bundles - 	Entry: C:\eclipse\plugins\org.eclipse.m2e.maven.runtime_3.9.600.20231203-1234\jars\httpclient-4.5.14.jar
2024-03-30 04:10:59,403 [Worker-4: Launching mavenrun-2e46b797-e7f7-44df-af05-41b17c97a5ef] INFO  o.eclipse.m2e.core.internal.Bundles - 	Entry: C:\eclipse\plugins\org.eclipse.m2e.maven.runtime_3.9.600.20231203-1234\jars\httpcore-4.4.16.jar
2024-03-30 04:10:59,403 [Worker-4: Launching mavenrun-2e46b797-e7f7-44df-af05-41b17c97a5ef] INFO  o.eclipse.m2e.core.internal.Bundles - 	Entry: C:\eclipse\plugins\org.eclipse.m2e.maven.runtime_3.9.600.20231203-1234\jars\jansi-2.4.0.jar
2024-03-30 04:10:59,404 [Worker-4: Launching mavenrun-2e46b797-e7f7-44df-af05-41b17c97a5ef] INFO  o.eclipse.m2e.core.internal.Bundles - 	Entry: C:\eclipse\plugins\org.eclipse.m2e.maven.runtime_3.9.600.20231203-1234\jars\jcl-over-slf4j-1.7.36.jar
2024-03-30 04:10:59,404 [Worker-4: Launching mavenrun-2e46b797-e7f7-44df-af05-41b17c97a5ef] INFO  o.eclipse.m2e.core.internal.Bundles - 	Entry: C:\eclipse\plugins\org.eclipse.m2e.maven.runtime_3.9.600.20231203-1234\jars\maven-artifact-3.9.6.jar
2024-03-30 04:10:59,404 [Worker-4: Launching mavenrun-2e46b797-e7f7-44df-af05-41b17c97a5ef] INFO  o.eclipse.m2e.core.internal.Bundles - 	Entry: C:\eclipse\plugins\org.eclipse.m2e.maven.runtime_3.9.600.20231203-1234\jars\maven-builder-support-3.9.6.jar
2024-03-30 04:10:59,404 [Worker-4: Launching mavenrun-2e46b797-e7f7-44df-af05-41b17c97a5ef] INFO  o.eclipse.m2e.core.internal.Bundles - 	Entry: C:\eclipse\plugins\org.eclipse.m2e.maven.runtime_3.9.600.20231203-1234\jars\maven-compat-3.9.6.jar
2024-03-30 04:10:59,405 [Worker-4: Launching mavenrun-2e46b797-e7f7-44df-af05-41b17c97a5ef] INFO  o.eclipse.m2e.core.internal.Bundles - 	Entry: C:\eclipse\plugins\org.eclipse.m2e.maven.runtime_3.9.600.20231203-1234\jars\maven-core-3.9.6.jar
2024-03-30 04:10:59,405 [Worker-4: Launching mavenrun-2e46b797-e7f7-44df-af05-41b17c97a5ef] INFO  o.eclipse.m2e.core.internal.Bundles - 	Entry: C:\eclipse\plugins\org.eclipse.m2e.maven.runtime_3.9.600.20231203-1234\jars\maven-embedder-3.9.6.jar
2024-03-30 04:10:59,405 [Worker-4: Launching mavenrun-2e46b797-e7f7-44df-af05-41b17c97a5ef] INFO  o.eclipse.m2e.core.internal.Bundles - 	Entry: C:\eclipse\plugins\org.eclipse.m2e.maven.runtime_3.9.600.20231203-1234\jars\maven-model-3.9.6.jar
2024-03-30 04:10:59,405 [Worker-4: Launching mavenrun-2e46b797-e7f7-44df-af05-41b17c97a5ef] INFO  o.eclipse.m2e.core.internal.Bundles - 	Entry: C:\eclipse\plugins\org.eclipse.m2e.maven.runtime_3.9.600.20231203-1234\jars\maven-model-builder-3.9.6.jar
2024-03-30 04:10:59,406 [Worker-4: Launching mavenrun-2e46b797-e7f7-44df-af05-41b17c97a5ef] INFO  o.eclipse.m2e.core.internal.Bundles - 	Entry: C:\eclipse\plugins\org.eclipse.m2e.maven.runtime_3.9.600.20231203-1234\jars\maven-plugin-api-3.9.6.jar
2024-03-30 04:10:59,406 [Worker-4: Launching mavenrun-2e46b797-e7f7-44df-af05-41b17c97a5ef] INFO  o.eclipse.m2e.core.internal.Bundles - 	Entry: C:\eclipse\plugins\org.eclipse.m2e.maven.runtime_3.9.600.20231203-1234\jars\maven-repository-metadata-3.9.6.jar
2024-03-30 04:10:59,406 [Worker-4: Launching mavenrun-2e46b797-e7f7-44df-af05-41b17c97a5ef] INFO  o.eclipse.m2e.core.internal.Bundles - 	Entry: C:\eclipse\plugins\org.eclipse.m2e.maven.runtime_3.9.600.20231203-1234\jars\maven-resolver-api-1.9.18.jar
2024-03-30 04:10:59,407 [Worker-4: Launching mavenrun-2e46b797-e7f7-44df-af05-41b17c97a5ef] INFO  o.eclipse.m2e.core.internal.Bundles - 	Entry: C:\eclipse\plugins\org.eclipse.m2e.maven.runtime_3.9.600.20231203-1234\jars\maven-resolver-connector-basic-1.9.18.jar
2024-03-30 04:10:59,407 [Worker-4: Launching mavenrun-2e46b797-e7f7-44df-af05-41b17c97a5ef] INFO  o.eclipse.m2e.core.internal.Bundles - 	Entry: C:\eclipse\plugins\org.eclipse.m2e.maven.runtime_3.9.600.20231203-1234\jars\maven-resolver-impl-1.9.18.jar
2024-03-30 04:10:59,407 [Worker-4: Launching mavenrun-2e46b797-e7f7-44df-af05-41b17c97a5ef] INFO  o.eclipse.m2e.core.internal.Bundles - 	Entry: C:\eclipse\plugins\org.eclipse.m2e.maven.runtime_3.9.600.20231203-1234\jars\maven-resolver-named-locks-1.9.18.jar
2024-03-30 04:10:59,407 [Worker-4: Launching mavenrun-2e46b797-e7f7-44df-af05-41b17c97a5ef] INFO  o.eclipse.m2e.core.internal.Bundles - 	Entry: C:\eclipse\plugins\org.eclipse.m2e.maven.runtime_3.9.600.20231203-1234\jars\maven-resolver-provider-3.9.6.jar
2024-03-30 04:10:59,408 [Worker-4: Launching mavenrun-2e46b797-e7f7-44df-af05-41b17c97a5ef] INFO  o.eclipse.m2e.core.internal.Bundles - 	Entry: C:\eclipse\plugins\org.eclipse.m2e.maven.runtime_3.9.600.20231203-1234\jars\maven-resolver-spi-1.9.18.jar
2024-03-30 04:10:59,408 [Worker-4: Launching mavenrun-2e46b797-e7f7-44df-af05-41b17c97a5ef] INFO  o.eclipse.m2e.core.internal.Bundles - 	Entry: C:\eclipse\plugins\org.eclipse.m2e.maven.runtime_3.9.600.20231203-1234\jars\maven-resolver-transport-file-1.9.18.jar
2024-03-30 04:10:59,408 [Worker-4: Launching mavenrun-2e46b797-e7f7-44df-af05-41b17c97a5ef] INFO  o.eclipse.m2e.core.internal.Bundles - 	Entry: C:\eclipse\plugins\org.eclipse.m2e.maven.runtime_3.9.600.20231203-1234\jars\maven-resolver-transport-http-1.9.18.jar
2024-03-30 04:10:59,408 [Worker-4: Launching mavenrun-2e46b797-e7f7-44df-af05-41b17c97a5ef] INFO  o.eclipse.m2e.core.internal.Bundles - 	Entry: C:\eclipse\plugins\org.eclipse.m2e.maven.runtime_3.9.600.20231203-1234\jars\maven-resolver-transport-wagon-1.9.18.jar
2024-03-30 04:10:59,409 [Worker-4: Launching mavenrun-2e46b797-e7f7-44df-af05-41b17c97a5ef] INFO  o.eclipse.m2e.core.internal.Bundles - 	Entry: C:\eclipse\plugins\org.eclipse.m2e.maven.runtime_3.9.600.20231203-1234\jars\maven-resolver-util-1.9.18.jar
2024-03-30 04:10:59,409 [Worker-4: Launching mavenrun-2e46b797-e7f7-44df-af05-41b17c97a5ef] INFO  o.eclipse.m2e.core.internal.Bundles - 	Entry: C:\eclipse\plugins\org.eclipse.m2e.maven.runtime_3.9.600.20231203-1234\jars\maven-settings-3.9.6.jar
2024-03-30 04:10:59,409 [Worker-4: Launching mavenrun-2e46b797-e7f7-44df-af05-41b17c97a5ef] INFO  o.eclipse.m2e.core.internal.Bundles - 	Entry: C:\eclipse\plugins\org.eclipse.m2e.maven.runtime_3.9.600.20231203-1234\jars\maven-settings-builder-3.9.6.jar
2024-03-30 04:10:59,409 [Worker-4: Launching mavenrun-2e46b797-e7f7-44df-af05-41b17c97a5ef] INFO  o.eclipse.m2e.core.internal.Bundles - 	Entry: C:\eclipse\plugins\org.eclipse.m2e.maven.runtime_3.9.600.20231203-1234\jars\maven-shared-utils-3.3.4.jar
2024-03-30 04:10:59,410 [Worker-4: Launching mavenrun-2e46b797-e7f7-44df-af05-41b17c97a5ef] INFO  o.eclipse.m2e.core.internal.Bundles - 	Entry: C:\eclipse\plugins\org.eclipse.m2e.maven.runtime_3.9.600.20231203-1234\jars\org.eclipse.sisu.inject-0.9.0.M2.jar
2024-03-30 04:10:59,410 [Worker-4: Launching mavenrun-2e46b797-e7f7-44df-af05-41b17c97a5ef] INFO  o.eclipse.m2e.core.internal.Bundles - 	Entry: C:\eclipse\plugins\org.eclipse.m2e.maven.runtime_3.9.600.20231203-1234\jars\org.eclipse.sisu.plexus-0.9.0.M2.jar
2024-03-30 04:10:59,410 [Worker-4: Launching mavenrun-2e46b797-e7f7-44df-af05-41b17c97a5ef] INFO  o.eclipse.m2e.core.internal.Bundles - 	Entry: C:\eclipse\plugins\org.eclipse.m2e.maven.runtime_3.9.600.20231203-1234\jars\plexus-build-api-0.0.7.jar
2024-03-30 04:10:59,410 [Worker-4: Launching mavenrun-2e46b797-e7f7-44df-af05-41b17c97a5ef] INFO  o.eclipse.m2e.core.internal.Bundles - 	Entry: C:\eclipse\plugins\org.eclipse.m2e.maven.runtime_3.9.600.20231203-1234\jars\plexus-cipher-2.0.jar
2024-03-30 04:10:59,411 [Worker-4: Launching mavenrun-2e46b797-e7f7-44df-af05-41b17c97a5ef] INFO  o.eclipse.m2e.core.internal.Bundles - 	Entry: C:\eclipse\plugins\org.eclipse.m2e.maven.runtime_3.9.600.20231203-1234\jars\plexus-classworlds-2.7.0.jar
2024-03-30 04:10:59,411 [Worker-4: Launching mavenrun-2e46b797-e7f7-44df-af05-41b17c97a5ef] INFO  o.eclipse.m2e.core.internal.Bundles - 	Entry: C:\eclipse\plugins\org.eclipse.m2e.maven.runtime_3.9.600.20231203-1234\jars\plexus-component-annotations-2.1.0.jar
2024-03-30 04:10:59,411 [Worker-4: Launching mavenrun-2e46b797-e7f7-44df-af05-41b17c97a5ef] INFO  o.eclipse.m2e.core.internal.Bundles - 	Entry: C:\eclipse\plugins\org.eclipse.m2e.maven.runtime_3.9.600.20231203-1234\jars\plexus-interpolation-1.26.jar
2024-03-30 04:10:59,411 [Worker-4: Launching mavenrun-2e46b797-e7f7-44df-af05-41b17c97a5ef] INFO  o.eclipse.m2e.core.internal.Bundles - 	Entry: C:\eclipse\plugins\org.eclipse.m2e.maven.runtime_3.9.600.20231203-1234\jars\plexus-sec-dispatcher-2.0.jar
2024-03-30 04:10:59,412 [Worker-4: Launching mavenrun-2e46b797-e7f7-44df-af05-41b17c97a5ef] INFO  o.eclipse.m2e.core.internal.Bundles - 	Entry: C:\eclipse\plugins\org.eclipse.m2e.maven.runtime_3.9.600.20231203-1234\jars\plexus-utils-3.5.1.jar
2024-03-30 04:10:59,412 [Worker-4: Launching mavenrun-2e46b797-e7f7-44df-af05-41b17c97a5ef] INFO  o.eclipse.m2e.core.internal.Bundles - 	Entry: C:\eclipse\plugins\org.eclipse.m2e.maven.runtime_3.9.600.20231203-1234\jars\wagon-file-3.5.3.jar
2024-03-30 04:10:59,412 [Worker-4: Launching mavenrun-2e46b797-e7f7-44df-af05-41b17c97a5ef] INFO  o.eclipse.m2e.core.internal.Bundles - 	Entry: C:\eclipse\plugins\org.eclipse.m2e.maven.runtime_3.9.600.20231203-1234\jars\wagon-http-3.5.3.jar
2024-03-30 04:10:59,413 [Worker-4: Launching mavenrun-2e46b797-e7f7-44df-af05-41b17c97a5ef] INFO  o.eclipse.m2e.core.internal.Bundles - 	Entry: C:\eclipse\plugins\org.eclipse.m2e.maven.runtime_3.9.600.20231203-1234\jars\wagon-http-shared-3.5.3.jar
2024-03-30 04:10:59,413 [Worker-4: Launching mavenrun-2e46b797-e7f7-44df-af05-41b17c97a5ef] INFO  o.eclipse.m2e.core.internal.Bundles - 	Entry: C:\eclipse\plugins\org.eclipse.m2e.maven.runtime_3.9.600.20231203-1234\jars\wagon-provider-api-3.5.3.jar
2024-03-30 04:10:59,415 [Worker-4: Launching mavenrun-2e46b797-e7f7-44df-af05-41b17c97a5ef] INFO  o.eclipse.m2e.core.internal.Bundles - getClasspathEntries(Bundle=com.google.guava_33.0.0.jre [10])
2024-03-30 04:10:59,415 [Worker-4: Launching mavenrun-2e46b797-e7f7-44df-af05-41b17c97a5ef] INFO  o.eclipse.m2e.core.internal.Bundles - 	Entry: C:\eclipse\plugins\com.google.guava_33.0.0.jre.jar
2024-03-30 04:10:59,416 [Worker-4: Launching mavenrun-2e46b797-e7f7-44df-af05-41b17c97a5ef] INFO  o.eclipse.m2e.core.internal.Bundles - getClasspathEntries(Bundle=slf4j.api_2.0.12 [522])
2024-03-30 04:10:59,417 [Worker-4: Launching mavenrun-2e46b797-e7f7-44df-af05-41b17c97a5ef] INFO  o.eclipse.m2e.core.internal.Bundles - 	Entry: C:\eclipse\plugins\slf4j.api_2.0.12.jar
2024-03-30 04:10:59,417 [Worker-4: Launching mavenrun-2e46b797-e7f7-44df-af05-41b17c97a5ef] INFO  o.eclipse.m2e.core.internal.Bundles - getClasspathEntries(Bundle=jakarta.inject.jakarta.inject-api_1.0.5 [22])
2024-03-30 04:10:59,417 [Worker-4: Launching mavenrun-2e46b797-e7f7-44df-af05-41b17c97a5ef] INFO  o.eclipse.m2e.core.internal.Bundles - 	Entry: C:\eclipse\plugins\jakarta.inject.jakarta.inject-api_1.0.5.jar
2024-03-30 04:10:59,418 [Worker-4: Launching mavenrun-2e46b797-e7f7-44df-af05-41b17c97a5ef] INFO  o.eclipse.m2e.core.internal.Bundles - getClasspathEntries(Bundle=jakarta.annotation-api_1.3.5 [20])
2024-03-30 04:10:59,418 [Worker-4: Launching mavenrun-2e46b797-e7f7-44df-af05-41b17c97a5ef] INFO  o.eclipse.m2e.core.internal.Bundles - 	Entry: C:\eclipse\plugins\jakarta.annotation-api_1.3.5.jar
2024-03-30 04:10:59,418 [Worker-4: Launching mavenrun-2e46b797-e7f7-44df-af05-41b17c97a5ef] INFO  o.eclipse.m2e.core.internal.Bundles - getClasspathEntries(Bundle=org.apache.commons.cli_1.6.0 [46])
2024-03-30 04:10:59,419 [Worker-4: Launching mavenrun-2e46b797-e7f7-44df-af05-41b17c97a5ef] INFO  o.eclipse.m2e.core.internal.Bundles - 	Entry: C:\eclipse\plugins\org.apache.commons.cli_1.6.0.jar
2024-03-30 04:10:59,419 [Worker-4: Launching mavenrun-2e46b797-e7f7-44df-af05-41b17c97a5ef] INFO  o.eclipse.m2e.core.internal.Bundles - getClasspathEntries(Bundle=org.apache.commons.commons-codec_1.16.0 [47])
2024-03-30 04:10:59,419 [Worker-4: Launching mavenrun-2e46b797-e7f7-44df-af05-41b17c97a5ef] INFO  o.eclipse.m2e.core.internal.Bundles - 	Entry: C:\eclipse\plugins\org.apache.commons.commons-codec_1.16.0.jar
2024-03-30 04:10:59,419 [Worker-4: Launching mavenrun-2e46b797-e7f7-44df-af05-41b17c97a5ef] INFO  o.eclipse.m2e.core.internal.Bundles - getClasspathEntries(Bundle=org.apache.commons.lang3_3.14.0 [53])
2024-03-30 04:10:59,420 [Worker-4: Launching mavenrun-2e46b797-e7f7-44df-af05-41b17c97a5ef] INFO  o.eclipse.m2e.core.internal.Bundles - 	Entry: C:\eclipse\plugins\org.apache.commons.lang3_3.14.0.jar
2024-03-30 04:10:59,420 [Worker-4: Launching mavenrun-2e46b797-e7f7-44df-af05-41b17c97a5ef] INFO  o.eclipse.m2e.core.internal.Bundles - getClasspathEntries(Bundle=com.google.guava.failureaccess_1.0.2 [11])
2024-03-30 04:10:59,421 [Worker-4: Launching mavenrun-2e46b797-e7f7-44df-af05-41b17c97a5ef] INFO  o.eclipse.m2e.core.internal.Bundles - 	Entry: C:\eclipse\plugins\com.google.guava.failureaccess_1.0.2.jar
2024-03-30 04:10:59,505 [Worker-4: Launching mavenrun-2e46b797-e7f7-44df-af05-41b17c97a5ef] INFO  o.e.m.i.launch.MavenLaunchDelegate - Run build in "C:\Users\Jai\AppData\Local\Temp\m2e-archetypeGenerator8606618854823793256":
2024-03-30 04:10:59,510 [Worker-4: Launching mavenrun-2e46b797-e7f7-44df-af05-41b17c97a5ef] INFO  o.e.m.i.launch.MavenLaunchDelegate -  mvn  -DarchetypeGroupId=org.apache.maven.archetypes -DarchetypeArtifactId=maven-archetype-quickstart -DarchetypeVersion=1.1 -DgroupId=selenium -DartifactId=project -Dversion=0.0.1-SNAPSHOT -Dpackage=selenium.project -DoutputDirectory=C:\Users\Jai\eclipse-workspace\Project -Dstyle.color=always -U archetype:generate
2024-03-30 04:17:53,280 [Worker-16: Launching mavenrun-2310afc8-ff45-47f1-98af-9cc2dc3e4ecc] INFO  o.eclipse.m2e.core.internal.Bundles - getClasspathEntries(Bundle=org.eclipse.m2e.maven.runtime_3.9.600.20231203-1234 [300])
2024-03-30 04:17:53,282 [Worker-16: Launching mavenrun-2310afc8-ff45-47f1-98af-9cc2dc3e4ecc] INFO  o.eclipse.m2e.core.internal.Bundles - 	Entry: C:\eclipse\plugins\org.eclipse.m2e.maven.runtime_3.9.600.20231203-1234
2024-03-30 04:17:53,285 [Worker-16: Launching mavenrun-2310afc8-ff45-47f1-98af-9cc2dc3e4ecc] INFO  o.eclipse.m2e.core.internal.Bundles - 	Entry: C:\eclipse\plugins\org.eclipse.m2e.maven.runtime_3.9.600.20231203-1234\jars\aopalliance-1.0.jar
2024-03-30 04:17:53,285 [Worker-16: Launching mavenrun-2310afc8-ff45-47f1-98af-9cc2dc3e4ecc] INFO  o.eclipse.m2e.core.internal.Bundles - 	Entry: C:\eclipse\plugins\org.eclipse.m2e.maven.runtime_3.9.600.20231203-1234\jars\guice-5.1.0.jar
2024-03-30 04:17:53,286 [Worker-16: Launching mavenrun-2310afc8-ff45-47f1-98af-9cc2dc3e4ecc] INFO  o.eclipse.m2e.core.internal.Bundles - 	Entry: C:\eclipse\plugins\org.eclipse.m2e.maven.runtime_3.9.600.20231203-1234\jars\httpclient-4.5.14.jar
2024-03-30 04:17:53,286 [Worker-16: Launching mavenrun-2310afc8-ff45-47f1-98af-9cc2dc3e4ecc] INFO  o.eclipse.m2e.core.internal.Bundles - 	Entry: C:\eclipse\plugins\org.eclipse.m2e.maven.runtime_3.9.600.20231203-1234\jars\httpcore-4.4.16.jar
2024-03-30 04:17:53,286 [Worker-16: Launching mavenrun-2310afc8-ff45-47f1-98af-9cc2dc3e4ecc] INFO  o.eclipse.m2e.core.internal.Bundles - 	Entry: C:\eclipse\plugins\org.eclipse.m2e.maven.runtime_3.9.600.20231203-1234\jars\jansi-2.4.0.jar
2024-03-30 04:17:53,286 [Worker-16: Launching mavenrun-2310afc8-ff45-47f1-98af-9cc2dc3e4ecc] INFO  o.eclipse.m2e.core.internal.Bundles - 	Entry: C:\eclipse\plugins\org.eclipse.m2e.maven.runtime_3.9.600.20231203-1234\jars\jcl-over-slf4j-1.7.36.jar
2024-03-30 04:17:53,287 [Worker-16: Launching mavenrun-2310afc8-ff45-47f1-98af-9cc2dc3e4ecc] INFO  o.eclipse.m2e.core.internal.Bundles - 	Entry: C:\eclipse\plugins\org.eclipse.m2e.maven.runtime_3.9.600.20231203-1234\jars\maven-artifact-3.9.6.jar
2024-03-30 04:17:53,287 [Worker-16: Launching mavenrun-2310afc8-ff45-47f1-98af-9cc2dc3e4ecc] INFO  o.eclipse.m2e.core.internal.Bundles - 	Entry: C:\eclipse\plugins\org.eclipse.m2e.maven.runtime_3.9.600.20231203-1234\jars\maven-builder-support-3.9.6.jar
2024-03-30 04:17:53,288 [Worker-16: Launching mavenrun-2310afc8-ff45-47f1-98af-9cc2dc3e4ecc] INFO  o.eclipse.m2e.core.internal.Bundles - 	Entry: C:\eclipse\plugins\org.eclipse.m2e.maven.runtime_3.9.600.20231203-1234\jars\maven-compat-3.9.6.jar
2024-03-30 04:17:53,288 [Worker-16: Launching mavenrun-2310afc8-ff45-47f1-98af-9cc2dc3e4ecc] INFO  o.eclipse.m2e.core.internal.Bundles - 	Entry: C:\eclipse\plugins\org.eclipse.m2e.maven.runtime_3.9.600.20231203-1234\jars\maven-core-3.9.6.jar
2024-03-30 04:17:53,288 [Worker-16: Launching mavenrun-2310afc8-ff45-47f1-98af-9cc2dc3e4ecc] INFO  o.eclipse.m2e.core.internal.Bundles - 	Entry: C:\eclipse\plugins\org.eclipse.m2e.maven.runtime_3.9.600.20231203-1234\jars\maven-embedder-3.9.6.jar
2024-03-30 04:17:53,288 [Worker-16: Launching mavenrun-2310afc8-ff45-47f1-98af-9cc2dc3e4ecc] INFO  o.eclipse.m2e.core.internal.Bundles - 	Entry: C:\eclipse\plugins\org.eclipse.m2e.maven.runtime_3.9.600.20231203-1234\jars\maven-model-3.9.6.jar
2024-03-30 04:17:53,289 [Worker-16: Launching mavenrun-2310afc8-ff45-47f1-98af-9cc2dc3e4ecc] INFO  o.eclipse.m2e.core.internal.Bundles - 	Entry: C:\eclipse\plugins\org.eclipse.m2e.maven.runtime_3.9.600.20231203-1234\jars\maven-model-builder-3.9.6.jar
2024-03-30 04:17:53,289 [Worker-16: Launching mavenrun-2310afc8-ff45-47f1-98af-9cc2dc3e4ecc] INFO  o.eclipse.m2e.core.internal.Bundles - 	Entry: C:\eclipse\plugins\org.eclipse.m2e.maven.runtime_3.9.600.20231203-1234\jars\maven-plugin-api-3.9.6.jar
2024-03-30 04:17:53,289 [Worker-16: Launching mavenrun-2310afc8-ff45-47f1-98af-9cc2dc3e4ecc] INFO  o.eclipse.m2e.core.internal.Bundles - 	Entry: C:\eclipse\plugins\org.eclipse.m2e.maven.runtime_3.9.600.20231203-1234\jars\maven-repository-metadata-3.9.6.jar
2024-03-30 04:17:53,290 [Worker-16: Launching mavenrun-2310afc8-ff45-47f1-98af-9cc2dc3e4ecc] INFO  o.eclipse.m2e.core.internal.Bundles - 	Entry: C:\eclipse\plugins\org.eclipse.m2e.maven.runtime_3.9.600.20231203-1234\jars\maven-resolver-api-1.9.18.jar
2024-03-30 04:17:53,290 [Worker-16: Launching mavenrun-2310afc8-ff45-47f1-98af-9cc2dc3e4ecc] INFO  o.eclipse.m2e.core.internal.Bundles - 	Entry: C:\eclipse\plugins\org.eclipse.m2e.maven.runtime_3.9.600.20231203-1234\jars\maven-resolver-connector-basic-1.9.18.jar
2024-03-30 04:17:53,290 [Worker-16: Launching mavenrun-2310afc8-ff45-47f1-98af-9cc2dc3e4ecc] INFO  o.eclipse.m2e.core.internal.Bundles - 	Entry: C:\eclipse\plugins\org.eclipse.m2e.maven.runtime_3.9.600.20231203-1234\jars\maven-resolver-impl-1.9.18.jar
2024-03-30 04:17:53,291 [Worker-16: Launching mavenrun-2310afc8-ff45-47f1-98af-9cc2dc3e4ecc] INFO  o.eclipse.m2e.core.internal.Bundles - 	Entry: C:\eclipse\plugins\org.eclipse.m2e.maven.runtime_3.9.600.20231203-1234\jars\maven-resolver-named-locks-1.9.18.jar
2024-03-30 04:17:53,292 [Worker-16: Launching mavenrun-2310afc8-ff45-47f1-98af-9cc2dc3e4ecc] INFO  o.eclipse.m2e.core.internal.Bundles - 	Entry: C:\eclipse\plugins\org.eclipse.m2e.maven.runtime_3.9.600.20231203-1234\jars\maven-resolver-provider-3.9.6.jar
2024-03-30 04:17:53,292 [Worker-16: Launching mavenrun-2310afc8-ff45-47f1-98af-9cc2dc3e4ecc] INFO  o.eclipse.m2e.core.internal.Bundles - 	Entry: C:\eclipse\plugins\org.eclipse.m2e.maven.runtime_3.9.600.20231203-1234\jars\maven-resolver-spi-1.9.18.jar
2024-03-30 04:17:53,293 [Worker-16: Launching mavenrun-2310afc8-ff45-47f1-98af-9cc2dc3e4ecc] INFO  o.eclipse.m2e.core.internal.Bundles - 	Entry: C:\eclipse\plugins\org.eclipse.m2e.maven.runtime_3.9.600.20231203-1234\jars\maven-resolver-transport-file-1.9.18.jar
2024-03-30 04:17:53,293 [Worker-16: Launching mavenrun-2310afc8-ff45-47f1-98af-9cc2dc3e4ecc] INFO  o.eclipse.m2e.core.internal.Bundles - 	Entry: C:\eclipse\plugins\org.eclipse.m2e.maven.runtime_3.9.600.20231203-1234\jars\maven-resolver-transport-http-1.9.18.jar
2024-03-30 04:17:53,294 [Worker-16: Launching mavenrun-2310afc8-ff45-47f1-98af-9cc2dc3e4ecc] INFO  o.eclipse.m2e.core.internal.Bundles - 	Entry: C:\eclipse\plugins\org.eclipse.m2e.maven.runtime_3.9.600.20231203-1234\jars\maven-resolver-transport-wagon-1.9.18.jar
2024-03-30 04:17:53,296 [Worker-16: Launching mavenrun-2310afc8-ff45-47f1-98af-9cc2dc3e4ecc] INFO  o.eclipse.m2e.core.internal.Bundles - 	Entry: C:\eclipse\plugins\org.eclipse.m2e.maven.runtime_3.9.600.20231203-1234\jars\maven-resolver-util-1.9.18.jar
2024-03-30 04:17:53,297 [Worker-16: Launching mavenrun-2310afc8-ff45-47f1-98af-9cc2dc3e4ecc] INFO  o.eclipse.m2e.core.internal.Bundles - 	Entry: C:\eclipse\plugins\org.eclipse.m2e.maven.runtime_3.9.600.20231203-1234\jars\maven-settings-3.9.6.jar
2024-03-30 04:17:53,297 [Worker-16: Launching mavenrun-2310afc8-ff45-47f1-98af-9cc2dc3e4ecc] INFO  o.eclipse.m2e.core.internal.Bundles - 	Entry: C:\eclipse\plugins\org.eclipse.m2e.maven.runtime_3.9.600.20231203-1234\jars\maven-settings-builder-3.9.6.jar
2024-03-30 04:17:53,297 [Worker-16: Launching mavenrun-2310afc8-ff45-47f1-98af-9cc2dc3e4ecc] INFO  o.eclipse.m2e.core.internal.Bundles - 	Entry: C:\eclipse\plugins\org.eclipse.m2e.maven.runtime_3.9.600.20231203-1234\jars\maven-shared-utils-3.3.4.jar
2024-03-30 04:17:53,298 [Worker-16: Launching mavenrun-2310afc8-ff45-47f1-98af-9cc2dc3e4ecc] INFO  o.eclipse.m2e.core.internal.Bundles - 	Entry: C:\eclipse\plugins\org.eclipse.m2e.maven.runtime_3.9.600.20231203-1234\jars\org.eclipse.sisu.inject-0.9.0.M2.jar
2024-03-30 04:17:53,298 [Worker-16: Launching mavenrun-2310afc8-ff45-47f1-98af-9cc2dc3e4ecc] INFO  o.eclipse.m2e.core.internal.Bundles - 	Entry: C:\eclipse\plugins\org.eclipse.m2e.maven.runtime_3.9.600.20231203-1234\jars\org.eclipse.sisu.plexus-0.9.0.M2.jar
2024-03-30 04:17:53,298 [Worker-16: Launching mavenrun-2310afc8-ff45-47f1-98af-9cc2dc3e4ecc] INFO  o.eclipse.m2e.core.internal.Bundles - 	Entry: C:\eclipse\plugins\org.eclipse.m2e.maven.runtime_3.9.600.20231203-1234\jars\plexus-build-api-0.0.7.jar
2024-03-30 04:17:53,299 [Worker-16: Launching mavenrun-2310afc8-ff45-47f1-98af-9cc2dc3e4ecc] INFO  o.eclipse.m2e.core.internal.Bundles - 	Entry: C:\eclipse\plugins\org.eclipse.m2e.maven.runtime_3.9.600.20231203-1234\jars\plexus-cipher-2.0.jar
2024-03-30 04:17:53,300 [Worker-16: Launching mavenrun-2310afc8-ff45-47f1-98af-9cc2dc3e4ecc] INFO  o.eclipse.m2e.core.internal.Bundles - 	Entry: C:\eclipse\plugins\org.eclipse.m2e.maven.runtime_3.9.600.20231203-1234\jars\plexus-classworlds-2.7.0.jar
2024-03-30 04:17:53,300 [Worker-16: Launching mavenrun-2310afc8-ff45-47f1-98af-9cc2dc3e4ecc] INFO  o.eclipse.m2e.core.internal.Bundles - 	Entry: C:\eclipse\plugins\org.eclipse.m2e.maven.runtime_3.9.600.20231203-1234\jars\plexus-component-annotations-2.1.0.jar
2024-03-30 04:17:53,301 [Worker-16: Launching mavenrun-2310afc8-ff45-47f1-98af-9cc2dc3e4ecc] INFO  o.eclipse.m2e.core.internal.Bundles - 	Entry: C:\eclipse\plugins\org.eclipse.m2e.maven.runtime_3.9.600.20231203-1234\jars\plexus-interpolation-1.26.jar
2024-03-30 04:17:53,302 [Worker-16: Launching mavenrun-2310afc8-ff45-47f1-98af-9cc2dc3e4ecc] INFO  o.eclipse.m2e.core.internal.Bundles - 	Entry: C:\eclipse\plugins\org.eclipse.m2e.maven.runtime_3.9.600.20231203-1234\jars\plexus-sec-dispatcher-2.0.jar
2024-03-30 04:17:53,304 [Worker-16: Launching mavenrun-2310afc8-ff45-47f1-98af-9cc2dc3e4ecc] INFO  o.eclipse.m2e.core.internal.Bundles - 	Entry: C:\eclipse\plugins\org.eclipse.m2e.maven.runtime_3.9.600.20231203-1234\jars\plexus-utils-3.5.1.jar
2024-03-30 04:17:53,305 [Worker-16: Launching mavenrun-2310afc8-ff45-47f1-98af-9cc2dc3e4ecc] INFO  o.eclipse.m2e.core.internal.Bundles - 	Entry: C:\eclipse\plugins\org.eclipse.m2e.maven.runtime_3.9.600.20231203-1234\jars\wagon-file-3.5.3.jar
2024-03-30 04:17:53,305 [Worker-16: Launching mavenrun-2310afc8-ff45-47f1-98af-9cc2dc3e4ecc] INFO  o.eclipse.m2e.core.internal.Bundles - 	Entry: C:\eclipse\plugins\org.eclipse.m2e.maven.runtime_3.9.600.20231203-1234\jars\wagon-http-3.5.3.jar
2024-03-30 04:17:53,306 [Worker-16: Launching mavenrun-2310afc8-ff45-47f1-98af-9cc2dc3e4ecc] INFO  o.eclipse.m2e.core.internal.Bundles - 	Entry: C:\eclipse\plugins\org.eclipse.m2e.maven.runtime_3.9.600.20231203-1234\jars\wagon-http-shared-3.5.3.jar
2024-03-30 04:17:53,306 [Worker-16: Launching mavenrun-2310afc8-ff45-47f1-98af-9cc2dc3e4ecc] INFO  o.eclipse.m2e.core.internal.Bundles - 	Entry: C:\eclipse\plugins\org.eclipse.m2e.maven.runtime_3.9.600.20231203-1234\jars\wagon-provider-api-3.5.3.jar
2024-03-30 04:17:53,306 [Worker-16: Launching mavenrun-2310afc8-ff45-47f1-98af-9cc2dc3e4ecc] INFO  o.eclipse.m2e.core.internal.Bundles - getClasspathEntries(Bundle=com.google.guava_33.0.0.jre [10])
2024-03-30 04:17:53,307 [Worker-16: Launching mavenrun-2310afc8-ff45-47f1-98af-9cc2dc3e4ecc] INFO  o.eclipse.m2e.core.internal.Bundles - 	Entry: C:\eclipse\plugins\com.google.guava_33.0.0.jre.jar
2024-03-30 04:17:53,307 [Worker-16: Launching mavenrun-2310afc8-ff45-47f1-98af-9cc2dc3e4ecc] INFO  o.eclipse.m2e.core.internal.Bundles - getClasspathEntries(Bundle=slf4j.api_2.0.12 [522])
2024-03-30 04:17:53,307 [Worker-16: Launching mavenrun-2310afc8-ff45-47f1-98af-9cc2dc3e4ecc] INFO  o.eclipse.m2e.core.internal.Bundles - 	Entry: C:\eclipse\plugins\slf4j.api_2.0.12.jar
2024-03-30 04:17:53,307 [Worker-16: Launching mavenrun-2310afc8-ff45-47f1-98af-9cc2dc3e4ecc] INFO  o.eclipse.m2e.core.internal.Bundles - getClasspathEntries(Bundle=jakarta.inject.jakarta.inject-api_1.0.5 [22])
2024-03-30 04:17:53,308 [Worker-16: Launching mavenrun-2310afc8-ff45-47f1-98af-9cc2dc3e4ecc] INFO  o.eclipse.m2e.core.internal.Bundles - 	Entry: C:\eclipse\plugins\jakarta.inject.jakarta.inject-api_1.0.5.jar
2024-03-30 04:17:53,309 [Worker-16: Launching mavenrun-2310afc8-ff45-47f1-98af-9cc2dc3e4ecc] INFO  o.eclipse.m2e.core.internal.Bundles - getClasspathEntries(Bundle=jakarta.annotation-api_1.3.5 [20])
2024-03-30 04:17:53,309 [Worker-16: Launching mavenrun-2310afc8-ff45-47f1-98af-9cc2dc3e4ecc] INFO  o.eclipse.m2e.core.internal.Bundles - 	Entry: C:\eclipse\plugins\jakarta.annotation-api_1.3.5.jar
2024-03-30 04:17:53,309 [Worker-16: Launching mavenrun-2310afc8-ff45-47f1-98af-9cc2dc3e4ecc] INFO  o.eclipse.m2e.core.internal.Bundles - getClasspathEntries(Bundle=org.apache.commons.cli_1.6.0 [46])
2024-03-30 04:17:53,309 [Worker-16: Launching mavenrun-2310afc8-ff45-47f1-98af-9cc2dc3e4ecc] INFO  o.eclipse.m2e.core.internal.Bundles - 	Entry: C:\eclipse\plugins\org.apache.commons.cli_1.6.0.jar
2024-03-30 04:17:53,309 [Worker-16: Launching mavenrun-2310afc8-ff45-47f1-98af-9cc2dc3e4ecc] INFO  o.eclipse.m2e.core.internal.Bundles - getClasspathEntries(Bundle=org.apache.commons.commons-codec_1.16.0 [47])
2024-03-30 04:17:53,310 [Worker-16: Launching mavenrun-2310afc8-ff45-47f1-98af-9cc2dc3e4ecc] INFO  o.eclipse.m2e.core.internal.Bundles - 	Entry: C:\eclipse\plugins\org.apache.commons.commons-codec_1.16.0.jar
2024-03-30 04:17:53,310 [Worker-16: Launching mavenrun-2310afc8-ff45-47f1-98af-9cc2dc3e4ecc] INFO  o.eclipse.m2e.core.internal.Bundles - getClasspathEntries(Bundle=org.apache.commons.lang3_3.14.0 [53])
2024-03-30 04:17:53,310 [Worker-16: Launching mavenrun-2310afc8-ff45-47f1-98af-9cc2dc3e4ecc] INFO  o.eclipse.m2e.core.internal.Bundles - 	Entry: C:\eclipse\plugins\org.apache.commons.lang3_3.14.0.jar
2024-03-30 04:17:53,310 [Worker-16: Launching mavenrun-2310afc8-ff45-47f1-98af-9cc2dc3e4ecc] INFO  o.eclipse.m2e.core.internal.Bundles - getClasspathEntries(Bundle=com.google.guava.failureaccess_1.0.2 [11])
2024-03-30 04:17:53,310 [Worker-16: Launching mavenrun-2310afc8-ff45-47f1-98af-9cc2dc3e4ecc] INFO  o.eclipse.m2e.core.internal.Bundles - 	Entry: C:\eclipse\plugins\com.google.guava.failureaccess_1.0.2.jar
2024-03-30 04:17:53,312 [Worker-16: Launching mavenrun-2310afc8-ff45-47f1-98af-9cc2dc3e4ecc] INFO  o.e.m.i.launch.MavenLaunchDelegate - Run build in "C:\Users\Jai\AppData\Local\Temp\m2e-archetypeGenerator8180299978903416775":
2024-03-30 04:17:53,313 [Worker-16: Launching mavenrun-2310afc8-ff45-47f1-98af-9cc2dc3e4ecc] INFO  o.e.m.i.launch.MavenLaunchDelegate -  mvn  -DarchetypeGroupId=org.apache.maven.archetypes -DarchetypeArtifactId=maven-archetype-quickstart -DarchetypeVersion=1.1 -DgroupId=selenium -DartifactId=project -Dversion=0.0.1-SNAPSHOT -Dpackage=selenium.project -DoutputDirectory=C:\Users\Jai\eclipse-workspace\Project -Dstyle.color=always -U archetype:generate
2024-03-30 13:37:24,019 [Worker-3: Loading available Gradle versions] INFO  o.e.b.c.i.u.g.PublishedGradleVersions - Gradle version information cache is up-to-date. Trying to read.
2024-03-30 13:39:29,826 [Worker-5: Launching mavenrun-dd91c4e8-f263-41d2-889d-8b2be4248f78] INFO  o.eclipse.m2e.core.internal.Bundles - getClasspathEntries(Bundle=org.eclipse.m2e.maven.runtime_3.9.600.20231203-1234 [300])
2024-03-30 13:39:29,830 [Worker-5: Launching mavenrun-dd91c4e8-f263-41d2-889d-8b2be4248f78] INFO  o.eclipse.m2e.core.internal.Bundles - 	Entry: C:\eclipse\plugins\org.eclipse.m2e.maven.runtime_3.9.600.20231203-1234
2024-03-30 13:39:29,830 [Worker-5: Launching mavenrun-dd91c4e8-f263-41d2-889d-8b2be4248f78] INFO  o.eclipse.m2e.core.internal.Bundles - 	Entry: C:\eclipse\plugins\org.eclipse.m2e.maven.runtime_3.9.600.20231203-1234\jars\aopalliance-1.0.jar
2024-03-30 13:39:29,833 [Worker-5: Launching mavenrun-dd91c4e8-f263-41d2-889d-8b2be4248f78] INFO  o.eclipse.m2e.core.internal.Bundles - 	Entry: C:\eclipse\plugins\org.eclipse.m2e.maven.runtime_3.9.600.20231203-1234\jars\guice-5.1.0.jar
2024-03-30 13:39:29,834 [Worker-5: Launching mavenrun-dd91c4e8-f263-41d2-889d-8b2be4248f78] INFO  o.eclipse.m2e.core.internal.Bundles - 	Entry: C:\eclipse\plugins\org.eclipse.m2e.maven.runtime_3.9.600.20231203-1234\jars\httpclient-4.5.14.jar
2024-03-30 13:39:29,835 [Worker-5: Launching mavenrun-dd91c4e8-f263-41d2-889d-8b2be4248f78] INFO  o.eclipse.m2e.core.internal.Bundles - 	Entry: C:\eclipse\plugins\org.eclipse.m2e.maven.runtime_3.9.600.20231203-1234\jars\httpcore-4.4.16.jar
2024-03-30 13:39:29,835 [Worker-5: Launching mavenrun-dd91c4e8-f263-41d2-889d-8b2be4248f78] INFO  o.eclipse.m2e.core.internal.Bundles - 	Entry: C:\eclipse\plugins\org.eclipse.m2e.maven.runtime_3.9.600.20231203-1234\jars\jansi-2.4.0.jar
2024-03-30 13:39:29,835 [Worker-5: Launching mavenrun-dd91c4e8-f263-41d2-889d-8b2be4248f78] INFO  o.eclipse.m2e.core.internal.Bundles - 	Entry: C:\eclipse\plugins\org.eclipse.m2e.maven.runtime_3.9.600.20231203-1234\jars\jcl-over-slf4j-1.7.36.jar
2024-03-30 13:39:29,835 [Worker-5: Launching mavenrun-dd91c4e8-f263-41d2-889d-8b2be4248f78] INFO  o.eclipse.m2e.core.internal.Bundles - 	Entry: C:\eclipse\plugins\org.eclipse.m2e.maven.runtime_3.9.600.20231203-1234\jars\maven-artifact-3.9.6.jar
2024-03-30 13:39:29,836 [Worker-5: Launching mavenrun-dd91c4e8-f263-41d2-889d-8b2be4248f78] INFO  o.eclipse.m2e.core.internal.Bundles - 	Entry: C:\eclipse\plugins\org.eclipse.m2e.maven.runtime_3.9.600.20231203-1234\jars\maven-builder-support-3.9.6.jar
2024-03-30 13:39:29,836 [Worker-5: Launching mavenrun-dd91c4e8-f263-41d2-889d-8b2be4248f78] INFO  o.eclipse.m2e.core.internal.Bundles - 	Entry: C:\eclipse\plugins\org.eclipse.m2e.maven.runtime_3.9.600.20231203-1234\jars\maven-compat-3.9.6.jar
2024-03-30 13:39:29,836 [Worker-5: Launching mavenrun-dd91c4e8-f263-41d2-889d-8b2be4248f78] INFO  o.eclipse.m2e.core.internal.Bundles - 	Entry: C:\eclipse\plugins\org.eclipse.m2e.maven.runtime_3.9.600.20231203-1234\jars\maven-core-3.9.6.jar
2024-03-30 13:39:29,837 [Worker-5: Launching mavenrun-dd91c4e8-f263-41d2-889d-8b2be4248f78] INFO  o.eclipse.m2e.core.internal.Bundles - 	Entry: C:\eclipse\plugins\org.eclipse.m2e.maven.runtime_3.9.600.20231203-1234\jars\maven-embedder-3.9.6.jar
2024-03-30 13:39:29,837 [Worker-5: Launching mavenrun-dd91c4e8-f263-41d2-889d-8b2be4248f78] INFO  o.eclipse.m2e.core.internal.Bundles - 	Entry: C:\eclipse\plugins\org.eclipse.m2e.maven.runtime_3.9.600.20231203-1234\jars\maven-model-3.9.6.jar
2024-03-30 13:39:29,837 [Worker-5: Launching mavenrun-dd91c4e8-f263-41d2-889d-8b2be4248f78] INFO  o.eclipse.m2e.core.internal.Bundles - 	Entry: C:\eclipse\plugins\org.eclipse.m2e.maven.runtime_3.9.600.20231203-1234\jars\maven-model-builder-3.9.6.jar
2024-03-30 13:39:29,837 [Worker-5: Launching mavenrun-dd91c4e8-f263-41d2-889d-8b2be4248f78] INFO  o.eclipse.m2e.core.internal.Bundles - 	Entry: C:\eclipse\plugins\org.eclipse.m2e.maven.runtime_3.9.600.20231203-1234\jars\maven-plugin-api-3.9.6.jar
2024-03-30 13:39:29,838 [Worker-5: Launching mavenrun-dd91c4e8-f263-41d2-889d-8b2be4248f78] INFO  o.eclipse.m2e.core.internal.Bundles - 	Entry: C:\eclipse\plugins\org.eclipse.m2e.maven.runtime_3.9.600.20231203-1234\jars\maven-repository-metadata-3.9.6.jar
2024-03-30 13:39:29,838 [Worker-5: Launching mavenrun-dd91c4e8-f263-41d2-889d-8b2be4248f78] INFO  o.eclipse.m2e.core.internal.Bundles - 	Entry: C:\eclipse\plugins\org.eclipse.m2e.maven.runtime_3.9.600.20231203-1234\jars\maven-resolver-api-1.9.18.jar
2024-03-30 13:39:29,838 [Worker-5: Launching mavenrun-dd91c4e8-f263-41d2-889d-8b2be4248f78] INFO  o.eclipse.m2e.core.internal.Bundles - 	Entry: C:\eclipse\plugins\org.eclipse.m2e.maven.runtime_3.9.600.20231203-1234\jars\maven-resolver-connector-basic-1.9.18.jar
2024-03-30 13:39:29,838 [Worker-5: Launching mavenrun-dd91c4e8-f263-41d2-889d-8b2be4248f78] INFO  o.eclipse.m2e.core.internal.Bundles - 	Entry: C:\eclipse\plugins\org.eclipse.m2e.maven.runtime_3.9.600.20231203-1234\jars\maven-resolver-impl-1.9.18.jar
2024-03-30 13:39:29,839 [Worker-5: Launching mavenrun-dd91c4e8-f263-41d2-889d-8b2be4248f78] INFO  o.eclipse.m2e.core.internal.Bundles - 	Entry: C:\eclipse\plugins\org.eclipse.m2e.maven.runtime_3.9.600.20231203-1234\jars\maven-resolver-named-locks-1.9.18.jar
2024-03-30 13:39:29,839 [Worker-5: Launching mavenrun-dd91c4e8-f263-41d2-889d-8b2be4248f78] INFO  o.eclipse.m2e.core.internal.Bundles - 	Entry: C:\eclipse\plugins\org.eclipse.m2e.maven.runtime_3.9.600.20231203-1234\jars\maven-resolver-provider-3.9.6.jar
2024-03-30 13:39:29,839 [Worker-5: Launching mavenrun-dd91c4e8-f263-41d2-889d-8b2be4248f78] INFO  o.eclipse.m2e.core.internal.Bundles - 	Entry: C:\eclipse\plugins\org.eclipse.m2e.maven.runtime_3.9.600.20231203-1234\jars\maven-resolver-spi-1.9.18.jar
2024-03-30 13:39:29,839 [Worker-5: Launching mavenrun-dd91c4e8-f263-41d2-889d-8b2be4248f78] INFO  o.eclipse.m2e.core.internal.Bundles - 	Entry: C:\eclipse\plugins\org.eclipse.m2e.maven.runtime_3.9.600.20231203-1234\jars\maven-resolver-transport-file-1.9.18.jar
2024-03-30 13:39:29,840 [Worker-5: Launching mavenrun-dd91c4e8-f263-41d2-889d-8b2be4248f78] INFO  o.eclipse.m2e.core.internal.Bundles - 	Entry: C:\eclipse\plugins\org.eclipse.m2e.maven.runtime_3.9.600.20231203-1234\jars\maven-resolver-transport-http-1.9.18.jar
2024-03-30 13:39:29,840 [Worker-5: Launching mavenrun-dd91c4e8-f263-41d2-889d-8b2be4248f78] INFO  o.eclipse.m2e.core.internal.Bundles - 	Entry: C:\eclipse\plugins\org.eclipse.m2e.maven.runtime_3.9.600.20231203-1234\jars\maven-resolver-transport-wagon-1.9.18.jar
2024-03-30 13:39:29,840 [Worker-5: Launching mavenrun-dd91c4e8-f263-41d2-889d-8b2be4248f78] INFO  o.eclipse.m2e.core.internal.Bundles - 	Entry: C:\eclipse\plugins\org.eclipse.m2e.maven.runtime_3.9.600.20231203-1234\jars\maven-resolver-util-1.9.18.jar
2024-03-30 13:39:29,841 [Worker-5: Launching mavenrun-dd91c4e8-f263-41d2-889d-8b2be4248f78] INFO  o.eclipse.m2e.core.internal.Bundles - 	Entry: C:\eclipse\plugins\org.eclipse.m2e.maven.runtime_3.9.600.20231203-1234\jars\maven-settings-3.9.6.jar
2024-03-30 13:39:29,841 [Worker-5: Launching mavenrun-dd91c4e8-f263-41d2-889d-8b2be4248f78] INFO  o.eclipse.m2e.core.internal.Bundles - 	Entry: C:\eclipse\plugins\org.eclipse.m2e.maven.runtime_3.9.600.20231203-1234\jars\maven-settings-builder-3.9.6.jar
2024-03-30 13:39:29,841 [Worker-5: Launching mavenrun-dd91c4e8-f263-41d2-889d-8b2be4248f78] INFO  o.eclipse.m2e.core.internal.Bundles - 	Entry: C:\eclipse\plugins\org.eclipse.m2e.maven.runtime_3.9.600.20231203-1234\jars\maven-shared-utils-3.3.4.jar
2024-03-30 13:39:29,841 [Worker-5: Launching mavenrun-dd91c4e8-f263-41d2-889d-8b2be4248f78] INFO  o.eclipse.m2e.core.internal.Bundles - 	Entry: C:\eclipse\plugins\org.eclipse.m2e.maven.runtime_3.9.600.20231203-1234\jars\org.eclipse.sisu.inject-0.9.0.M2.jar
2024-03-30 13:39:29,842 [Worker-5: Launching mavenrun-dd91c4e8-f263-41d2-889d-8b2be4248f78] INFO  o.eclipse.m2e.core.internal.Bundles - 	Entry: C:\eclipse\plugins\org.eclipse.m2e.maven.runtime_3.9.600.20231203-1234\jars\org.eclipse.sisu.plexus-0.9.0.M2.jar
2024-03-30 13:39:29,842 [Worker-5: Launching mavenrun-dd91c4e8-f263-41d2-889d-8b2be4248f78] INFO  o.eclipse.m2e.core.internal.Bundles - 	Entry: C:\eclipse\plugins\org.eclipse.m2e.maven.runtime_3.9.600.20231203-1234\jars\plexus-build-api-0.0.7.jar
2024-03-30 13:39:29,843 [Worker-5: Launching mavenrun-dd91c4e8-f263-41d2-889d-8b2be4248f78] INFO  o.eclipse.m2e.core.internal.Bundles - 	Entry: C:\eclipse\plugins\org.eclipse.m2e.maven.runtime_3.9.600.20231203-1234\jars\plexus-cipher-2.0.jar
2024-03-30 13:39:29,843 [Worker-5: Launching mavenrun-dd91c4e8-f263-41d2-889d-8b2be4248f78] INFO  o.eclipse.m2e.core.internal.Bundles - 	Entry: C:\eclipse\plugins\org.eclipse.m2e.maven.runtime_3.9.600.20231203-1234\jars\plexus-classworlds-2.7.0.jar
2024-03-30 13:39:29,843 [Worker-5: Launching mavenrun-dd91c4e8-f263-41d2-889d-8b2be4248f78] INFO  o.eclipse.m2e.core.internal.Bundles - 	Entry: C:\eclipse\plugins\org.eclipse.m2e.maven.runtime_3.9.600.20231203-1234\jars\plexus-component-annotations-2.1.0.jar
2024-03-30 13:39:29,845 [Worker-5: Launching mavenrun-dd91c4e8-f263-41d2-889d-8b2be4248f78] INFO  o.eclipse.m2e.core.internal.Bundles - 	Entry: C:\eclipse\plugins\org.eclipse.m2e.maven.runtime_3.9.600.20231203-1234\jars\plexus-interpolation-1.26.jar
2024-03-30 13:39:29,845 [Worker-5: Launching mavenrun-dd91c4e8-f263-41d2-889d-8b2be4248f78] INFO  o.eclipse.m2e.core.internal.Bundles - 	Entry: C:\eclipse\plugins\org.eclipse.m2e.maven.runtime_3.9.600.20231203-1234\jars\plexus-sec-dispatcher-2.0.jar
2024-03-30 13:39:29,845 [Worker-5: Launching mavenrun-dd91c4e8-f263-41d2-889d-8b2be4248f78] INFO  o.eclipse.m2e.core.internal.Bundles - 	Entry: C:\eclipse\plugins\org.eclipse.m2e.maven.runtime_3.9.600.20231203-1234\jars\plexus-utils-3.5.1.jar
2024-03-30 13:39:29,845 [Worker-5: Launching mavenrun-dd91c4e8-f263-41d2-889d-8b2be4248f78] INFO  o.eclipse.m2e.core.internal.Bundles - 	Entry: C:\eclipse\plugins\org.eclipse.m2e.maven.runtime_3.9.600.20231203-1234\jars\wagon-file-3.5.3.jar
2024-03-30 13:39:29,846 [Worker-5: Launching mavenrun-dd91c4e8-f263-41d2-889d-8b2be4248f78] INFO  o.eclipse.m2e.core.internal.Bundles - 	Entry: C:\eclipse\plugins\org.eclipse.m2e.maven.runtime_3.9.600.20231203-1234\jars\wagon-http-3.5.3.jar
2024-03-30 13:39:29,846 [Worker-5: Launching mavenrun-dd91c4e8-f263-41d2-889d-8b2be4248f78] INFO  o.eclipse.m2e.core.internal.Bundles - 	Entry: C:\eclipse\plugins\org.eclipse.m2e.maven.runtime_3.9.600.20231203-1234\jars\wagon-http-shared-3.5.3.jar
2024-03-30 13:39:29,847 [Worker-5: Launching mavenrun-dd91c4e8-f263-41d2-889d-8b2be4248f78] INFO  o.eclipse.m2e.core.internal.Bundles - 	Entry: C:\eclipse\plugins\org.eclipse.m2e.maven.runtime_3.9.600.20231203-1234\jars\wagon-provider-api-3.5.3.jar
2024-03-30 13:39:29,850 [Worker-5: Launching mavenrun-dd91c4e8-f263-41d2-889d-8b2be4248f78] INFO  o.eclipse.m2e.core.internal.Bundles - getClasspathEntries(Bundle=com.google.guava_33.0.0.jre [10])
2024-03-30 13:39:29,851 [Worker-5: Launching mavenrun-dd91c4e8-f263-41d2-889d-8b2be4248f78] INFO  o.eclipse.m2e.core.internal.Bundles - 	Entry: C:\eclipse\plugins\com.google.guava_33.0.0.jre.jar
2024-03-30 13:39:29,851 [Worker-5: Launching mavenrun-dd91c4e8-f263-41d2-889d-8b2be4248f78] INFO  o.eclipse.m2e.core.internal.Bundles - getClasspathEntries(Bundle=slf4j.api_2.0.12 [522])
2024-03-30 13:39:29,852 [Worker-5: Launching mavenrun-dd91c4e8-f263-41d2-889d-8b2be4248f78] INFO  o.eclipse.m2e.core.internal.Bundles - 	Entry: C:\eclipse\plugins\slf4j.api_2.0.12.jar
2024-03-30 13:39:29,852 [Worker-5: Launching mavenrun-dd91c4e8-f263-41d2-889d-8b2be4248f78] INFO  o.eclipse.m2e.core.internal.Bundles - getClasspathEntries(Bundle=jakarta.inject.jakarta.inject-api_1.0.5 [22])
2024-03-30 13:39:29,852 [Worker-5: Launching mavenrun-dd91c4e8-f263-41d2-889d-8b2be4248f78] INFO  o.eclipse.m2e.core.internal.Bundles - 	Entry: C:\eclipse\plugins\jakarta.inject.jakarta.inject-api_1.0.5.jar
2024-03-30 13:39:29,853 [Worker-5: Launching mavenrun-dd91c4e8-f263-41d2-889d-8b2be4248f78] INFO  o.eclipse.m2e.core.internal.Bundles - getClasspathEntries(Bundle=jakarta.annotation-api_1.3.5 [20])
2024-03-30 13:39:29,853 [Worker-5: Launching mavenrun-dd91c4e8-f263-41d2-889d-8b2be4248f78] INFO  o.eclipse.m2e.core.internal.Bundles - 	Entry: C:\eclipse\plugins\jakarta.annotation-api_1.3.5.jar
2024-03-30 13:39:29,854 [Worker-5: Launching mavenrun-dd91c4e8-f263-41d2-889d-8b2be4248f78] INFO  o.eclipse.m2e.core.internal.Bundles - getClasspathEntries(Bundle=org.apache.commons.cli_1.6.0 [46])
2024-03-30 13:39:29,854 [Worker-5: Launching mavenrun-dd91c4e8-f263-41d2-889d-8b2be4248f78] INFO  o.eclipse.m2e.core.internal.Bundles - 	Entry: C:\eclipse\plugins\org.apache.commons.cli_1.6.0.jar
2024-03-30 13:39:29,854 [Worker-5: Launching mavenrun-dd91c4e8-f263-41d2-889d-8b2be4248f78] INFO  o.eclipse.m2e.core.internal.Bundles - getClasspathEntries(Bundle=org.apache.commons.commons-codec_1.16.0 [47])
2024-03-30 13:39:29,854 [Worker-5: Launching mavenrun-dd91c4e8-f263-41d2-889d-8b2be4248f78] INFO  o.eclipse.m2e.core.internal.Bundles - 	Entry: C:\eclipse\plugins\org.apache.commons.commons-codec_1.16.0.jar
2024-03-30 13:39:29,854 [Worker-5: Launching mavenrun-dd91c4e8-f263-41d2-889d-8b2be4248f78] INFO  o.eclipse.m2e.core.internal.Bundles - getClasspathEntries(Bundle=org.apache.commons.lang3_3.14.0 [53])
2024-03-30 13:39:29,855 [Worker-5: Launching mavenrun-dd91c4e8-f263-41d2-889d-8b2be4248f78] INFO  o.eclipse.m2e.core.internal.Bundles - 	Entry: C:\eclipse\plugins\org.apache.commons.lang3_3.14.0.jar
2024-03-30 13:39:29,855 [Worker-5: Launching mavenrun-dd91c4e8-f263-41d2-889d-8b2be4248f78] INFO  o.eclipse.m2e.core.internal.Bundles - getClasspathEntries(Bundle=com.google.guava.failureaccess_1.0.2 [11])
2024-03-30 13:39:29,856 [Worker-5: Launching mavenrun-dd91c4e8-f263-41d2-889d-8b2be4248f78] INFO  o.eclipse.m2e.core.internal.Bundles - 	Entry: C:\eclipse\plugins\com.google.guava.failureaccess_1.0.2.jar
2024-03-30 13:39:29,875 [Worker-5: Launching mavenrun-dd91c4e8-f263-41d2-889d-8b2be4248f78] INFO  o.e.m.i.launch.MavenLaunchDelegate - Run build in "C:\Users\Jai\AppData\Local\Temp\m2e-archetypeGenerator5654754245350375135":
2024-03-30 13:39:29,879 [Worker-5: Launching mavenrun-dd91c4e8-f263-41d2-889d-8b2be4248f78] INFO  o.e.m.i.launch.MavenLaunchDelegate -  mvn  -DarchetypeGroupId=org.apache.maven.archetypes -DarchetypeArtifactId=maven-archetype-quickstart -DarchetypeVersion=1.1 -DgroupId=selenium -DartifactId=project -Dversion=0.0.1-SNAPSHOT -Dpackage=selenium.project -DoutputDirectory=C:\Users\Jai\eclipse-workspace\Project -Dstyle.color=always -U archetype:generate
2024-06-12 14:13:36,580 [Worker-0: Loading available Gradle versions] INFO  o.e.b.c.i.u.g.PublishedGradleVersions - Gradle version information cache is up-to-date. Trying to read.
2024-06-12 14:17:43,086 [Worker-1: Loading available Gradle versions] INFO  o.e.b.c.i.u.g.PublishedGradleVersions - Gradle version information cache is up-to-date. Trying to read.
2024-06-12 14:23:47,939 [Worker-3: Loading available Gradle versions] INFO  o.e.b.c.i.u.g.PublishedGradleVersions - Gradle version information cache is up-to-date. Trying to read.
2024-06-23 13:10:43,013 [Worker-2: Loading available Gradle versions] INFO  o.e.b.c.i.u.g.PublishedGradleVersions - Gradle version information cache is up-to-date. Trying to read.
